Sat Mar 21 11:20:46 UTC 2026: Running health check
Sat Mar 21 11:20:48 UTC 2026: CRITICAL — 1 issues
Sat Mar 21 11:21:44 UTC 2026: Running health check
Sat Mar 21 11:21:45 UTC 2026: CRITICAL — 1 issues
Sat Mar 21 11:26:00 UTC 2026: Running health check
Sat Mar 21 11:26:01 UTC 2026: OK — all systems healthy
Mon Mar 23 07:00:01 UTC 2026: Running health check
Mon Mar 23 07:00:03 UTC 2026: CRITICAL — 3 issues
Tue Mar 24 07:00:01 UTC 2026: Running health check
Tue Mar 24 07:00:08 UTC 2026: CRITICAL — 3 issues
Tue Mar 24 09:22:16 UTC 2026: Running health check
Tue Mar 24 09:22:19 UTC 2026: CRITICAL — 1 issues, 5 warnings
Tue Mar 24 09:26:40 UTC 2026: Running health check
Tue Mar 24 09:26:42 UTC 2026: CRITICAL — 1 issues, 0 warnings
Tue Mar 24 10:00:01 UTC 2026: Running health check
Tue Mar 24 10:00:05 UTC 2026: CRITICAL — 2 issues, 1 warnings
Tue Mar 24 12:27:49 UTC 2026: Running health check
Tue Mar 24 12:27:52 UTC 2026: CRITICAL — 1 issues, 1 warnings
Tue Mar 24 13:00:01 UTC 2026: Running health check
Tue Mar 24 13:00:05 UTC 2026: CRITICAL — 1 issues, 0 warnings
Tue Mar 24 16:00:01 UTC 2026: Running health check
Tue Mar 24 16:00:08 UTC 2026: CRITICAL — 1 issues, 0 warnings
