Fri Mar 20 15:55:00 UTC 2026: Apex Trading Bot started
Fri Mar 20 15:55:00 UTC 2026: /start
Fri Mar 20 15:55:01 UTC 2026: hi
Fri Mar 20 15:55:45 UTC 2026: HELP
Fri Mar 20 15:55:51 UTC 2026: PNL
Fri Mar 20 15:56:03 UTC 2026: Buy apple
Fri Mar 20 15:56:06 UTC 2026: No
Fri Mar 20 15:57:57 UTC 2026: Chat ID: 
Fri Mar 20 15:57:57 UTC 2026: HANDLED
Fri Mar 20 15:57:59 UTC 2026: Chat ID: 
Fri Mar 20 15:57:59 UTC 2026: HANDLED
Fri Mar 20 15:58:00 UTC 2026: Hello
Fri Mar 20 15:59:38 UTC 2026: Apex Trading Bot started
Fri Mar 20 15:59:52 UTC 2026: buy apple
Fri Mar 20 15:59:59 UTC 2026: buy apple
Fri Mar 20 16:01:21 UTC 2026: Apex Trading Bot started
Fri Mar 20 16:02:27 UTC 2026: Apex Trading Bot started
Fri Mar 20 16:03:24 UTC 2026: Processing — chat:6808823889 text:buy apple
Fri Mar 20 16:03:24 UTC 2026: buy apple
Fri Mar 20 16:04:58 UTC 2026: Apex Trading Bot started
Fri Mar 20 16:05:31 UTC 2026: Processing — chat:6808823889 text:buy apple
Fri Mar 20 16:05:31 UTC 2026: buy apple
Fri Mar 20 16:06:55 UTC 2026: Apex Trading Bot started
Fri Mar 20 16:06:59 UTC 2026: Processing — chat:6808823889 text:buy apple
Fri Mar 20 16:06:59 UTC 2026: buy apple
Fri Mar 20 16:08:06 UTC 2026: Processing — chat:6808823889 text:YES
Fri Mar 20 16:08:06 UTC 2026: YES
Fri Mar 20 16:13:31 UTC 2026: Processing — chat:6808823889 text:YES
Fri Mar 20 16:13:31 UTC 2026: YES
Fri Mar 20 16:14:22 UTC 2026: Processing — chat:6808823889 text:whats your status
Fri Mar 20 16:14:22 UTC 2026: whats your status
Fri Mar 20 16:14:28 UTC 2026: Processing — chat:6808823889 text:what are you doing now
Fri Mar 20 16:14:28 UTC 2026: what are you doing now
Fri Mar 20 16:14:34 UTC 2026: Processing — chat:6808823889 text:Buy Apple
Fri Mar 20 16:14:34 UTC 2026: Buy Apple
Fri Mar 20 16:14:44 UTC 2026: Processing — chat:6808823889 text:buy apple
Fri Mar 20 16:14:44 UTC 2026: buy apple
Fri Mar 20 16:18:40 UTC 2026: Processing — chat:6808823889 text:YES
Fri Mar 20 16:18:40 UTC 2026: YES
Fri Mar 20 16:21:53 UTC 2026: Processing — chat:6808823889 text:CONFIRM
Fri Mar 20 16:21:53 UTC 2026: CONFIRM
Fri Mar 20 16:22:54 UTC 2026: Apex Trading Bot started
Fri Mar 20 19:40:13 UTC 2026: Processing — chat:6808823889 text:Help
Fri Mar 20 19:40:13 UTC 2026: Help
Fri Mar 20 19:40:36 UTC 2026: Processing — chat:6808823889 text:pNL
Fri Mar 20 19:40:36 UTC 2026: pNL
Sat Mar 21 07:04:14 UTC 2026: Processing — chat:6808823889 text:Pnl
Sat Mar 21 07:04:14 UTC 2026: Pnl
Sat Mar 21 07:04:23 UTC 2026: Processing — chat:6808823889 text:Help
Sat Mar 21 07:04:23 UTC 2026: Help
Sat Mar 21 07:04:31 UTC 2026: Processing — chat:6808823889 text:Buy visa
Sat Mar 21 07:04:31 UTC 2026: Buy visa
Sat Mar 21 07:04:43 UTC 2026: Processing — chat:6808823889 text:No
Sat Mar 21 07:04:43 UTC 2026: No
Sat Mar 21 07:26:03 UTC 2026: Processing — chat:6808823889 text:Status
Sat Mar 21 07:26:03 UTC 2026: Status
Sat Mar 21 12:04:30 UTC 2026: Processing — chat:6808823889 text:buy apple
Sat Mar 21 12:04:30 UTC 2026: buy apple
Sat Mar 21 12:04:34 UTC 2026: Processing — chat:6808823889 text:Trade yes
Sat Mar 21 12:04:34 UTC 2026: Trade yes
Sat Mar 21 12:04:39 UTC 2026: Processing — chat:6808823889 text:TRADE YES
Sat Mar 21 12:04:39 UTC 2026: TRADE YES
Sat Mar 21 12:04:43 UTC 2026: Processing — chat:6808823889 text:Buy Apple
Sat Mar 21 12:04:43 UTC 2026: Buy Apple
Sat Mar 21 12:06:18 UTC 2026: Processing — chat:6808823889 text:Buy Apple
Sat Mar 21 12:06:18 UTC 2026: Buy Apple
Sat Mar 21 19:45:54 UTC 2026: Processing — chat:6808823889 text:Status
Sat Mar 21 19:45:54 UTC 2026: Status
