Thu Mar 19 14:16:44 UTC 2026: Running stop monitor
Thu Mar 19 14:16:44 UTC 2026: 📊 POSITION CHECK

✅ Vanguard S&P 500 (Acc) | £95.077 | P&L: £-0.07 | R: -0.01
Thu Mar 19 14:30:01 UTC 2026: Running stop monitor
Thu Mar 19 14:30:01 UTC 2026: 📊 POSITION CHECK

✅ Vanguard S&P 500 (Acc) | £94.853 | P&L: £-0.97 | R: -0.06
Thu Mar 19 15:00:01 UTC 2026: Running stop monitor
Thu Mar 19 15:00:01 UTC 2026: 📊 POSITION CHECK

✅ Vanguard S&P 500 (Acc) | £94.883 | P&L: £-0.85 | R: -0.05
Thu Mar 19 15:30:01 UTC 2026: Running stop monitor
Thu Mar 19 15:30:01 UTC 2026: 📊 POSITION CHECK

✅ Vanguard S&P 500 (Acc) | £94.907 | P&L: £-0.75 | R: -0.05
Thu Mar 19 16:00:01 UTC 2026: Running stop monitor
Thu Mar 19 16:00:01 UTC 2026: 📊 POSITION CHECK

✅ Vanguard S&P 500 (Acc) | £94.948 | P&L: £-0.59 | R: -0.04
Thu Mar 19 16:30:01 UTC 2026: Running stop monitor
Thu Mar 19 16:30:01 UTC 2026: 📊 POSITION CHECK

✅ Vanguard S&P 500 (Acc) | £94.798 | P&L: £-1.19 | R: -0.07

📌 Untracked: XOM_US_EQ | Price: 159.51 | P&L: £0.22
Thu Mar 19 17:13:46 UTC 2026: Running stop monitor
Thu Mar 19 17:13:46 UTC 2026: 📊 POSITION CHECK

✅ Vanguard S&P 500 (Acc) | £94.88 | P&L: £-0.86 | R: -0.05

✅ Exxon Mobil | £158.6 | P&L: £-0.62 | R: -0.03
Fri Mar 20 09:00:01 UTC 2026: Running stop monitor
Fri Mar 20 09:00:01 UTC 2026: 📊 POSITION CHECK

✅ Vanguard S&P 500 (Acc) | £94.883 | P&L: £-0.85 | R: -0.05

✅ Exxon Mobil | £158.58 | P&L: £-1.32 | R: -0.04
Fri Mar 20 09:30:01 UTC 2026: Running stop monitor
Fri Mar 20 09:30:02 UTC 2026: 📊 POSITION CHECK

✅ Vanguard S&P 500 (Acc) | £94.861 | P&L: £-0.94 | R: -0.06

✅ Exxon Mobil | £158.66 | P&L: £-0.97 | R: -0.03
Fri Mar 20 10:00:01 UTC 2026: Running stop monitor
Fri Mar 20 10:00:01 UTC 2026: 📊 POSITION CHECK

✅ Vanguard S&P 500 (Acc) | £94.672 | P&L: £-1.69 | R: -0.1

✅ Exxon Mobil | £158.88 | P&L: £-0.25 | R: 0.0
Fri Mar 20 10:30:01 UTC 2026: Running stop monitor
Fri Mar 20 10:30:01 UTC 2026: 📊 POSITION CHECK

✅ Vanguard S&P 500 (Acc) | £94.543 | P&L: £-2.21 | R: -0.14

✅ Exxon Mobil | £158.82 | P&L: £-0.16 | R: -0.01
Fri Mar 20 11:00:01 UTC 2026: Running stop monitor
Fri Mar 20 11:00:01 UTC 2026: 📊 POSITION CHECK

✅ Vanguard S&P 500 (Acc) | £94.587 | P&L: £-2.03 | R: -0.13

✅ Exxon Mobil | £158.91 | P&L: £-0.15 | R: 0.01
Fri Mar 20 11:30:01 UTC 2026: Running stop monitor
Fri Mar 20 11:30:02 UTC 2026: 📊 POSITION CHECK

✅ Vanguard S&P 500 (Acc) | £94.699 | P&L: £-1.58 | R: -0.1

✅ Exxon Mobil | £159.08 | P&L: £-0.12 | R: 0.03
Fri Mar 20 12:00:01 UTC 2026: Running stop monitor
Fri Mar 20 12:00:01 UTC 2026: 📊 POSITION CHECK

✅ Vanguard S&P 500 (Acc) | £94.628 | P&L: £-1.87 | R: -0.12

✅ Exxon Mobil | £159.02 | P&L: £-0.27 | R: 0.02
Fri Mar 20 12:30:01 UTC 2026: Running stop monitor
Fri Mar 20 12:30:01 UTC 2026: 📊 POSITION CHECK

✅ Vanguard S&P 500 (Acc) | £94.652 | P&L: £-1.77 | R: -0.11

✅ Exxon Mobil | £158.62 | P&L: £-0.93 | R: -0.03
Fri Mar 20 13:00:02 UTC 2026: Running stop monitor
Fri Mar 20 13:00:02 UTC 2026: 📊 POSITION CHECK

✅ Vanguard S&P 500 (Acc) | £94.837 | P&L: £-1.03 | R: -0.06

✅ Exxon Mobil | £158.38 | P&L: £-0.99 | R: -0.06
Fri Mar 20 13:30:01 UTC 2026: Running stop monitor
Fri Mar 20 13:30:02 UTC 2026: 📊 POSITION CHECK

✅ Vanguard S&P 500 (Acc) | £95.023 | P&L: £-0.29 | R: -0.02

✅ Exxon Mobil | £159.28 | P&L: £0.65 | R: 0.05
Fri Mar 20 14:00:01 UTC 2026: Running stop monitor
Fri Mar 20 14:00:01 UTC 2026: 📊 POSITION CHECK

✅ Vanguard S&P 500 (Acc) | £94.598 | P&L: £-1.99 | R: -0.12

✅ Exxon Mobil | £160.48 | P&L: £2.7 | R: 0.21
Fri Mar 20 14:30:01 UTC 2026: Running stop monitor
Fri Mar 20 14:30:01 UTC 2026: 📊 POSITION CHECK

✅ Vanguard S&P 500 (Acc) | £94.683 | P&L: £-1.65 | R: -0.1

✅ Exxon Mobil | £159.58 | P&L: £2.14 | R: 0.09
Fri Mar 20 14:58:02 UTC 2026: Running stop monitor
Fri Mar 20 14:58:02 UTC 2026: All positions OK — no alert sent
Fri Mar 20 15:00:01 UTC 2026: Running stop monitor
Fri Mar 20 15:00:01 UTC 2026: All positions OK — no alert sent
Fri Mar 20 15:30:01 UTC 2026: Running stop monitor
Fri Mar 20 15:30:02 UTC 2026: All positions OK — no alert sent
Fri Mar 20 16:00:01 UTC 2026: Running stop monitor
Fri Mar 20 16:00:01 UTC 2026: All positions OK — no alert sent
Fri Mar 20 16:30:02 UTC 2026: Running stop monitor
Vanguard S&P 500 (Acc): £94.799 | Entry £95.1 | Stop £91.0 | T1 £102.29 | R:-0.07
Exxon Mobil: £162.15 | Entry £158.86 | Stop £151.0 | T1 £171.02 | R:0.42
Visa: £302.42 | Entry £300.27 | Stop £282.45 | T1 £327.53 | R:0.12
Apple: £248.63 | Entry £248.63 | Stop £233.71 | T1 £271.01 | R:0.0
No trailing stop updates needed
Fri Mar 20 16:30:02 UTC 2026: Stop monitor complete
